2025-04-15 12:59:38,054 - INFO - Training model started .. 
2025-04-15 12:59:38,054 - INFO - Training configuration:
2025-04-15 12:59:38,054 - INFO -   num_epochs     = 80
2025-04-15 12:59:38,054 - INFO -   batch_size     = 32
2025-04-15 12:59:38,054 - INFO -   hidden_units   = 40
2025-04-15 12:59:38,054 - INFO -   learning_rate  = 0.0001
2025-04-15 12:59:38,333 - INFO - Number of classes = 10
2025-04-15 12:59:38,333 - INFO - Model type: ModelType.TINY_VGG
2025-04-15 12:59:38,333 - INFO - Model configuration: 
TinyVGG(
  (conv_block_1): Sequential(
    (0): Conv2d(3, 40, kernel_size=(3, 3), stride=(1, 1))
    (1): ReLU()
    (2): Conv2d(40, 40, kernel_size=(3, 3), stride=(1, 1))
    (3): ReLU()
    (4): MaxPool2d(kernel_size=2, stride=2, padding=0, dilation=1, ceil_mode=False)
  )
  (conv_block_2): Sequential(
    (0): Conv2d(40, 40, kernel_size=(3, 3), stride=(1, 1))
    (1): ReLU()
    (2): Conv2d(40, 40, kernel_size=(3, 3), stride=(1, 1))
    (3): ReLU()
    (4): MaxPool2d(kernel_size=2, stride=2, padding=0, dilation=1, ceil_mode=False)
  )
  (classifier): Sequential(
    (0): Flatten(start_dim=1, end_dim=-1)
    (1): Linear(in_features=6760, out_features=10, bias=True)
  )
)
2025-04-15 13:02:25,002 - INFO - Training model started .. 
2025-04-15 13:02:25,002 - INFO - Training configuration:
2025-04-15 13:02:25,002 - INFO -   num_epochs     = 80
2025-04-15 13:02:25,002 - INFO -   batch_size     = 32
2025-04-15 13:02:25,002 - INFO -   hidden_units   = 40
2025-04-15 13:02:25,002 - INFO -   learning_rate  = 0.0001
2025-04-15 13:02:25,298 - INFO - Number of classes = 10
2025-04-15 13:02:25,298 - INFO - Model type: ModelType.TINY_VGG
2025-04-15 13:02:25,298 - INFO - Model configuration: 
TinyVGG(
  (conv_block_1): Sequential(
    (0): Conv2d(3, 40, kernel_size=(3, 3), stride=(1, 1))
    (1): ReLU()
    (2): Conv2d(40, 40, kernel_size=(3, 3), stride=(1, 1))
    (3): ReLU()
    (4): MaxPool2d(kernel_size=2, stride=2, padding=0, dilation=1, ceil_mode=False)
  )
  (conv_block_2): Sequential(
    (0): Conv2d(40, 40, kernel_size=(3, 3), stride=(1, 1))
    (1): ReLU()
    (2): Conv2d(40, 40, kernel_size=(3, 3), stride=(1, 1))
    (3): ReLU()
    (4): MaxPool2d(kernel_size=2, stride=2, padding=0, dilation=1, ceil_mode=False)
  )
  (classifier): Sequential(
    (0): Flatten(start_dim=1, end_dim=-1)
    (1): Linear(in_features=112360, out_features=10, bias=True)
  )
)
2025-04-15 13:04:11,715 - INFO - Epoch: 1 | train_loss: 1.6953 | train_acc: 0.4156 | test_loss: 1.4940 | test_acc: 0.4875
2025-04-15 13:06:00,658 - INFO - Epoch: 2 | train_loss: 1.3406 | train_acc: 0.5508 | test_loss: 1.3558 | test_acc: 0.5461
2025-04-15 13:07:48,185 - INFO - Epoch: 3 | train_loss: 1.1166 | train_acc: 0.6297 | test_loss: 1.2671 | test_acc: 0.5750
2025-04-15 13:09:36,928 - INFO - Epoch: 4 | train_loss: 0.8998 | train_acc: 0.7075 | test_loss: 1.2828 | test_acc: 0.5678
2025-04-15 13:11:24,823 - INFO - Epoch: 5 | train_loss: 0.6834 | train_acc: 0.7793 | test_loss: 1.3214 | test_acc: 0.5838
2025-04-15 13:13:14,414 - INFO - Epoch: 6 | train_loss: 0.4775 | train_acc: 0.8501 | test_loss: 1.5306 | test_acc: 0.5770
2025-04-15 13:15:03,168 - INFO - Epoch: 7 | train_loss: 0.2899 | train_acc: 0.9128 | test_loss: 1.6367 | test_acc: 0.5738
2025-04-15 13:16:51,867 - INFO - Epoch: 8 | train_loss: 0.1631 | train_acc: 0.9548 | test_loss: 2.0035 | test_acc: 0.5641
2025-04-15 13:18:40,598 - INFO - Epoch: 9 | train_loss: 0.0901 | train_acc: 0.9779 | test_loss: 2.1525 | test_acc: 0.5695
2025-04-15 13:18:40,599 - INFO - Stopping early at epoch 9 because train_loss < 0.2
2025-04-15 13:18:40,599 - INFO - [INFO] Saving model to: models/TINY_VGG_model_3.pth
2025-04-15 13:18:40,617 - INFO - Training model finished .. 
