2025-04-15 11:20:06,196 - INFO - Training model started .. 
2025-04-15 11:20:06,196 - INFO - Training configuration:
2025-04-15 11:20:06,196 - INFO -   num_epochs     = 40
2025-04-15 11:20:06,196 - INFO -   batch_size     = 32
2025-04-15 11:20:06,196 - INFO -   hidden_units   = 30
2025-04-15 11:20:06,196 - INFO -   learning_rate  = 0.0001
2025-04-15 11:20:06,545 - INFO - Number of classes = 10
2025-04-15 11:20:06,545 - INFO - Model type: ModelType.TINY_VGG
2025-04-15 11:20:06,545 - INFO - Model configuration: 
TinyVGG(
  (conv_block_1): Sequential(
    (0): Conv2d(3, 30, kernel_size=(3, 3), stride=(1, 1))
    (1): ReLU()
    (2): Conv2d(30, 30, kernel_size=(3, 3), stride=(1, 1))
    (3): ReLU()
    (4): MaxPool2d(kernel_size=2, stride=2, padding=0, dilation=1, ceil_mode=False)
  )
  (conv_block_2): Sequential(
    (0): Conv2d(30, 30, kernel_size=(3, 3), stride=(1, 1))
    (1): ReLU()
    (2): Conv2d(30, 30, kernel_size=(3, 3), stride=(1, 1))
    (3): ReLU()
    (4): MaxPool2d(kernel_size=2, stride=2, padding=0, dilation=1, ceil_mode=False)
  )
  (classifier): Sequential(
    (0): Flatten(start_dim=1, end_dim=-1)
    (1): Linear(in_features=5070, out_features=10, bias=True)
  )
)
2025-04-15 11:21:58,077 - INFO - Training model started .. 
2025-04-15 11:21:58,077 - INFO - Training configuration:
2025-04-15 11:21:58,077 - INFO -   num_epochs     = 40
2025-04-15 11:21:58,077 - INFO -   batch_size     = 32
2025-04-15 11:21:58,077 - INFO -   hidden_units   = 30
2025-04-15 11:21:58,077 - INFO -   learning_rate  = 0.0001
2025-04-15 11:21:58,350 - INFO - Number of classes = 10
2025-04-15 11:21:58,350 - INFO - Model type: ModelType.TINY_VGG
2025-04-15 11:21:58,350 - INFO - Model configuration: 
TinyVGG(
  (conv_block_1): Sequential(
    (0): Conv2d(3, 30, kernel_size=(3, 3), stride=(1, 1))
    (1): ReLU()
    (2): Conv2d(30, 30, kernel_size=(3, 3), stride=(1, 1))
    (3): ReLU()
    (4): MaxPool2d(kernel_size=2, stride=2, padding=0, dilation=1, ceil_mode=False)
  )
  (conv_block_2): Sequential(
    (0): Conv2d(30, 30, kernel_size=(3, 3), stride=(1, 1))
    (1): ReLU()
    (2): Conv2d(30, 30, kernel_size=(3, 3), stride=(1, 1))
    (3): ReLU()
    (4): MaxPool2d(kernel_size=2, stride=2, padding=0, dilation=1, ceil_mode=False)
  )
  (classifier): Sequential(
    (0): Flatten(start_dim=1, end_dim=-1)
    (1): Linear(in_features=5070, out_features=10, bias=True)
  )
)
2025-04-15 11:22:41,950 - INFO - Epoch: 1 | train_loss: 2.0991 | train_acc: 0.2467 | test_loss: 1.9422 | test_acc: 0.3146
2025-04-15 11:23:25,181 - INFO - Epoch: 2 | train_loss: 1.8565 | train_acc: 0.3543 | test_loss: 1.7891 | test_acc: 0.3808
2025-04-15 11:24:08,010 - INFO - Epoch: 3 | train_loss: 1.7399 | train_acc: 0.3982 | test_loss: 1.7155 | test_acc: 0.4048
2025-04-15 11:24:51,729 - INFO - Epoch: 4 | train_loss: 1.6559 | train_acc: 0.4298 | test_loss: 1.6290 | test_acc: 0.4414
2025-04-15 11:25:34,153 - INFO - Epoch: 5 | train_loss: 1.5840 | train_acc: 0.4594 | test_loss: 1.6319 | test_acc: 0.4425
2025-04-15 11:26:16,389 - INFO - Epoch: 6 | train_loss: 1.5177 | train_acc: 0.4842 | test_loss: 1.5351 | test_acc: 0.4790
2025-04-15 11:26:59,295 - INFO - Epoch: 7 | train_loss: 1.4684 | train_acc: 0.5017 | test_loss: 1.4868 | test_acc: 0.4957
2025-04-15 11:27:41,286 - INFO - Epoch: 8 | train_loss: 1.4210 | train_acc: 0.5218 | test_loss: 1.4719 | test_acc: 0.5107
2025-04-15 11:28:23,274 - INFO - Epoch: 9 | train_loss: 1.3807 | train_acc: 0.5330 | test_loss: 1.4512 | test_acc: 0.5101
2025-04-15 11:29:06,121 - INFO - Epoch: 10 | train_loss: 1.3454 | train_acc: 0.5448 | test_loss: 1.4188 | test_acc: 0.5164
2025-04-15 11:29:48,191 - INFO - Epoch: 11 | train_loss: 1.3176 | train_acc: 0.5567 | test_loss: 1.4106 | test_acc: 0.5318
2025-04-15 11:30:30,200 - INFO - Epoch: 12 | train_loss: 1.2838 | train_acc: 0.5681 | test_loss: 1.4354 | test_acc: 0.5158
2025-04-15 11:31:12,917 - INFO - Epoch: 13 | train_loss: 1.2573 | train_acc: 0.5751 | test_loss: 1.3657 | test_acc: 0.5351
2025-04-15 11:31:54,818 - INFO - Epoch: 14 | train_loss: 1.2315 | train_acc: 0.5877 | test_loss: 1.3476 | test_acc: 0.5487
2025-04-15 11:32:36,449 - INFO - Epoch: 15 | train_loss: 1.2067 | train_acc: 0.5952 | test_loss: 1.3508 | test_acc: 0.5438
2025-04-15 11:33:18,940 - INFO - Epoch: 16 | train_loss: 1.1820 | train_acc: 0.6028 | test_loss: 1.4033 | test_acc: 0.5258
2025-04-15 11:34:00,829 - INFO - Epoch: 17 | train_loss: 1.1550 | train_acc: 0.6140 | test_loss: 1.3360 | test_acc: 0.5527
2025-04-15 11:34:42,976 - INFO - Epoch: 18 | train_loss: 1.1354 | train_acc: 0.6204 | test_loss: 1.3390 | test_acc: 0.5517
2025-04-15 11:35:25,636 - INFO - Epoch: 19 | train_loss: 1.1162 | train_acc: 0.6251 | test_loss: 1.3192 | test_acc: 0.5621
2025-04-15 11:36:07,465 - INFO - Epoch: 20 | train_loss: 1.0918 | train_acc: 0.6343 | test_loss: 1.3416 | test_acc: 0.5535
2025-04-15 11:36:50,399 - INFO - Epoch: 21 | train_loss: 1.0786 | train_acc: 0.6390 | test_loss: 1.3270 | test_acc: 0.5594
2025-04-15 11:37:32,317 - INFO - Epoch: 22 | train_loss: 1.0540 | train_acc: 0.6473 | test_loss: 1.3555 | test_acc: 0.5548
2025-04-15 11:38:13,854 - INFO - Epoch: 23 | train_loss: 1.0300 | train_acc: 0.6563 | test_loss: 1.3122 | test_acc: 0.5666
2025-04-15 11:38:56,426 - INFO - Epoch: 24 | train_loss: 1.0145 | train_acc: 0.6585 | test_loss: 1.3164 | test_acc: 0.5649
2025-04-15 11:39:38,458 - INFO - Epoch: 25 | train_loss: 0.9891 | train_acc: 0.6674 | test_loss: 1.3428 | test_acc: 0.5622
2025-04-15 11:40:20,176 - INFO - Epoch: 26 | train_loss: 0.9741 | train_acc: 0.6732 | test_loss: 1.3608 | test_acc: 0.5582
2025-04-15 11:41:02,860 - INFO - Epoch: 27 | train_loss: 0.9573 | train_acc: 0.6759 | test_loss: 1.3064 | test_acc: 0.5756
2025-04-15 11:41:44,515 - INFO - Epoch: 28 | train_loss: 0.9390 | train_acc: 0.6850 | test_loss: 1.3583 | test_acc: 0.5703
2025-04-15 11:42:26,318 - INFO - Epoch: 29 | train_loss: 0.9195 | train_acc: 0.6916 | test_loss: 1.3202 | test_acc: 0.5692
2025-04-15 11:43:09,222 - INFO - Epoch: 30 | train_loss: 0.9036 | train_acc: 0.6989 | test_loss: 1.3309 | test_acc: 0.5718
2025-04-15 11:43:50,938 - INFO - Epoch: 31 | train_loss: 0.8875 | train_acc: 0.7049 | test_loss: 1.3115 | test_acc: 0.5757
2025-04-15 11:44:32,677 - INFO - Epoch: 32 | train_loss: 0.8720 | train_acc: 0.7104 | test_loss: 1.3041 | test_acc: 0.5823
2025-04-15 11:45:15,421 - INFO - Epoch: 33 | train_loss: 0.8526 | train_acc: 0.7138 | test_loss: 1.3316 | test_acc: 0.5741
2025-04-15 11:45:57,422 - INFO - Epoch: 34 | train_loss: 0.8430 | train_acc: 0.7191 | test_loss: 1.3395 | test_acc: 0.5756
2025-04-15 11:46:39,205 - INFO - Epoch: 35 | train_loss: 0.8239 | train_acc: 0.7244 | test_loss: 1.3310 | test_acc: 0.5854
2025-04-15 11:47:21,898 - INFO - Epoch: 36 | train_loss: 0.8112 | train_acc: 0.7286 | test_loss: 1.3399 | test_acc: 0.5780
2025-04-15 11:48:03,588 - INFO - Epoch: 37 | train_loss: 0.7953 | train_acc: 0.7334 | test_loss: 1.3841 | test_acc: 0.5682
2025-04-15 11:48:45,209 - INFO - Epoch: 38 | train_loss: 0.7803 | train_acc: 0.7415 | test_loss: 1.3529 | test_acc: 0.5808
2025-04-15 11:49:27,851 - INFO - Epoch: 39 | train_loss: 0.7637 | train_acc: 0.7465 | test_loss: 1.3449 | test_acc: 0.5864
2025-04-15 11:50:09,667 - INFO - Epoch: 40 | train_loss: 0.7509 | train_acc: 0.7513 | test_loss: 1.3711 | test_acc: 0.5774
2025-04-15 11:50:09,667 - INFO - [INFO] Saving model to: models/TINY_VGG_model.pth
2025-04-15 11:50:09,672 - INFO - Training model finished .. 
